#
# There is insufficient memory for the Java Runtime Environment to continue.
# Native memory allocation (malloc) failed to allocate 32744 bytes for ChunkPool::allocate
# Possible reasons:
#   The system is out of physical RAM or swap space
#   In 32 bit mode, the process size limit was hit
# Possible solutions:
#   Reduce memory load on the system
#   Increase physical memory or swap space
#   Check if swap backing store is full
#   Use 64 bit Java on a 64 bit OS
#   Decrease Java heap size (-Xmx/-Xms)
#   Decrease number of Java threads
#   Decrease Java thread stack sizes (-Xss)
#   Set larger code cache with -XX:ReservedCodeCacheSize=
# This output file may be truncated or incomplete.
#
#  Out of Memory Error (allocation.cpp:273), pid=8600, tid=0x0000000000001f64
#
# JRE version: Java(TM) SE Runtime Environment (8.0_151-b12) (build 1.8.0_151-b12)
# Java VM: Java HotSpot(TM) 64-Bit Server VM (25.151-b12 mixed mode windows-amd64 compressed oops)
# Failed to write core dump. Minidumps are not enabled by default on client versions of Windows
#

---------------  T H R E A D  ---------------

Current thread (0x0000000017843800):  JavaThread "C2 CompilerThread0" daemon [_thread_in_native, id=8036, stack(0x0000000018ea0000,0x0000000018fa0000)]

Stack: [0x0000000018ea0000,0x0000000018fa0000]
[error occurred during error reporting (printing stack bounds), id 0xc0000005]

Native frames: (J=compiled Java code, j=interpreted, Vv=VM code, C=native code)


Current CompileTask:
C2:   6235 3620       4       org.springframework.core.annotation.AnnotationsScanner::processClassHierarchy (214 bytes)


---------------  P R O C E S S  ---------------

Java Threads: ( => current thread )
  0x000000001c8c1000 JavaThread "HikariPool-1 connection adder" daemon [_thread_blocked, id=3948, stack(0x0000000020270000,0x0000000020370000)]
  0x000000001b27d000 JavaThread "container-0" [_thread_blocked, id=8428, stack(0x000000001e8c0000,0x000000001e9c0000)]
  0x000000001b27c000 JavaThread "Catalina-utility-2" [_thread_blocked, id=7988, stack(0x000000001d530000,0x000000001d630000)]
  0x000000001b27b800 JavaThread "Catalina-utility-1" [_thread_blocked, id=8912, stack(0x000000001c060000,0x000000001c160000)]
  0x000000001b27a800 JavaThread "HikariPool-1 housekeeper" daemon [_thread_blocked, id=8520, stack(0x000000001b280000,0x000000001b380000)]
  0x0000000019eaa800 JavaThread "restartedMain" [_thread_blocked, id=9104, stack(0x000000001a1b0000,0x000000001a2b0000)]
  0x0000000019ecb000 JavaThread "Thread-0" [_thread_blocked, id=5876, stack(0x000000001a0b0000,0x000000001a1b0000)]
  0x00000000191ca800 JavaThread "Service Thread" daemon [_thread_blocked, id=4656, stack(0x00000000195a0000,0x00000000196a0000)]
  0x0000000017855000 JavaThread "C1 CompilerThread2" daemon [_thread_in_native, id=6352, stack(0x00000000190a0000,0x00000000191a0000)]
  0x000000001784a000 JavaThread "C2 CompilerThread1" daemon [_thread_in_native, id=4600, stack(0x0000000018fa0000,0x00000000190a0000)]
=>0x0000000017843800 JavaThread "C2 CompilerThread0" daemon [_thread_in_native, id=8036, stack(0x0000000018ea0000,0x0000000018fa0000)]
  0x0000000017842000 JavaThread "Attach Listener" daemon [_thread_blocked, id=5188, stack(0x0000000018da0000,0x0000000018ea0000)]
  0x0000000017840800 JavaThread "Signal Dispatcher" daemon [_thread_blocked, id=4160, stack(0x0000000018ca0000,0x0000000018da0000)]
  0x000000001782a800 JavaThread "Finalizer" daemon [_thread_blocked, id=7396, stack(0x0000000018aa0000,0x0000000018ba0000)]
  0x0000000017809000 JavaThread "Reference Handler" daemon [_thread_blocked, id=8168, stack(0x00000000189a0000,0x0000000018aa0000)]
  0x0000000002bf3800 JavaThread "main" [_thread_blocked, id=5948, stack(0x0000000002ac0000,0x0000000002bc0000)]

Other Threads:
  0x0000000017807000 VMThread [stack: 0x00000000188a0000,0x00000000189a0000] [id=1332]
  0x00000000191f2800 WatcherThread [stack: 0x00000000197b0000,0x00000000198b0000] [id=1888]

VM state:at safepoint (normal execution)

VM Mutex/Monitor currently owned by a thread:  ([mutex/lock_event])
[0x0000000002bf0d50] Threads_lock - owner thread: 0x0000000017807000

Heap:
 PSYoungGen      total 136192K, used 11479K [0x00000000d5d80000, 0x00000000df700000, 0x0000000100000000)
  eden space 125952K, 1% used [0x00000000d5d80000,0x00000000d5ebb840,0x00000000dd880000)
  from space 10240K, 99% used [0x00000000dd880000,0x00000000de27a770,0x00000000de280000)
  to   space 12800K, 0% used [0x00000000dea80000,0x00000000dea80000,0x00000000df700000)
 ParOldGen       total 64000K, used 21541K [0x0000000081800000, 0x0000000085680000, 0x00000000d5d80000)
  object space 64000K, 33% used [0x0000000081800000,0x0000000082d094e8,0x0000000085680000)
 Metaspace       used 50948K, capacity 53392K, committed 53632K, reserved 1095680K
  class space    used 7071K, capacity 7502K, committed 7552K, reserved 1048576K

Card table byte_map: [0x00000000120b0000,0x00000000124b0000] byte_map_base: 0x0000000011ca4000

Marking Bits: (ParMarkBitMap*) 0x00000000769dd850
 Begin Bits: [0x0000000012b60000, 0x0000000014b00000)
 End Bits:   [0x0000000014b00000, 0x0000000016aa0000)

Polling page: 0x0000000001280000

CodeCache: size=245760Kb used=12925Kb max_used=12925Kb free=232834Kb
 bounds [0x0000000002cf0000, 0x00000000039a0000, 0x0000000011cf0000]
 total_blobs=4290 nmethods=3768 adapters=434
 compilation: enabled

Compilation events (10 events):
Event: 6.152 Thread 0x0000000017855000 nmethod 3810 0x0000000003994750 code [0x00000000039948c0, 0x0000000003994ba8]
Event: 6.152 Thread 0x0000000017855000 3811       1       org.springframework.beans.factory.InjectionPoint::getMethodParameter (5 bytes)
Event: 6.153 Thread 0x0000000017855000 nmethod 3811 0x0000000003994c90 code [0x0000000003994de0, 0x0000000003994ef0]
Event: 6.158 Thread 0x0000000017855000 3813       3       org.springframework.core.convert.support.GenericConversionService$Converters::addInterfacesToClassHierarchy (51 bytes)
Event: 6.158 Thread 0x0000000017855000 nmethod 3813 0x0000000003994f50 code [0x0000000003995120, 0x00000000039958e8]
Event: 6.162 Thread 0x0000000017855000 3814       3       java.lang.invoke.MemberName::equals (24 bytes)
Event: 6.162 Thread 0x0000000017855000 nmethod 3814 0x0000000003995d10 code [0x0000000003995e80, 0x00000000039962e8]
Event: 6.163 Thread 0x0000000017855000 3815       3       java.util.regex.Matcher::start (22 bytes)
Event: 6.163 Thread 0x0000000017855000 nmethod 3815 0x0000000003996390 code [0x0000000003996500, 0x0000000003996748]
Event: 6.165 Thread 0x0000000017855000 3816       3       org.springframework.core.convert.TypeDescriptor::equals (113 bytes)

GC Heap History (10 events):
Event: 2.130 GC heap before
{Heap before GC invocations=7 (full 1):
 PSYoungGen      total 71680K, used 66560K [0x00000000d5d80000, 0x00000000df380000, 0x0000000100000000)
  eden space 66560K, 100% used [0x00000000d5d80000,0x00000000d9e80000,0x00000000d9e80000)
  from space 5120K, 0% used [0x00000000d9e80000,0x00000000d9e80000,0x00000000da380000)
  to   space 10240K, 0% used [0x00000000de980000,0x00000000de980000,0x00000000df380000)
 ParOldGen       total 64000K, used 9060K [0x0000000081800000, 0x0000000085680000, 0x00000000d5d80000)
  object space 64000K, 14% used [0x0000000081800000,0x00000000820d91d0,0x0000000085680000)
 Metaspace       used 21927K, capacity 22782K, committed 22784K, reserved 1069056K
  class space    used 2851K, capacity 3070K, committed 3072K, reserved 1048576K
Event: 2.138 GC heap after
Heap after GC invocations=7 (full 1):
 PSYoungGen      total 98304K, used 2667K [0x00000000d5d80000, 0x00000000dec80000, 0x0000000100000000)
  eden space 95232K, 0% used [0x00000000d5d80000,0x00000000d5d80000,0x00000000dba80000)
  from space 3072K, 86% used [0x00000000de980000,0x00000000dec1ad38,0x00000000dec80000)
  to   space 10240K, 0% used [0x00000000dd880000,0x00000000dd880000,0x00000000de280000)
 ParOldGen       total 64000K, used 9068K [0x0000000081800000, 0x0000000085680000, 0x00000000d5d80000)
  object space 64000K, 14% used [0x0000000081800000,0x00000000820db1d0,0x0000000085680000)
 Metaspace       used 21927K, capacity 22782K, committed 22784K, reserved 1069056K
  class space    used 2851K, capacity 3070K, committed 3072K, reserved 1048576K
}
Event: 3.626 GC heap before
{Heap before GC invocations=8 (full 1):
 PSYoungGen      total 98304K, used 97899K [0x00000000d5d80000, 0x00000000dec80000, 0x0000000100000000)
  eden space 95232K, 100% used [0x00000000d5d80000,0x00000000dba80000,0x00000000dba80000)
  from space 3072K, 86% used [0x00000000de980000,0x00000000dec1ad38,0x00000000dec80000)
  to   space 10240K, 0% used [0x00000000dd880000,0x00000000dd880000,0x00000000de280000)
 ParOldGen       total 64000K, used 9068K [0x0000000081800000, 0x0000000085680000, 0x00000000d5d80000)
  object space 64000K, 14% used [0x0000000081800000,0x00000000820db1d0,0x0000000085680000)
 Metaspace       used 29611K, capacity 31362K, committed 31744K, reserved 1077248K
  class space    used 3920K, capacity 4233K, committed 4352K, reserved 1048576K
Event: 3.636 GC heap after
Heap after GC invocations=8 (full 1):
 PSYoungGen      total 136192K, used 10210K [0x00000000d5d80000, 0x00000000df700000, 0x0000000100000000)
  eden space 125952K, 0% used [0x00000000d5d80000,0x00000000d5d80000,0x00000000dd880000)
  from space 10240K, 99% used [0x00000000dd880000,0x00000000de278b98,0x00000000de280000)
  to   space 12800K, 0% used [0x00000000dea80000,0x00000000dea80000,0x00000000df700000)
 ParOldGen       total 64000K, used 10260K [0x0000000081800000, 0x0000000085680000, 0x00000000d5d80000)
  object space 64000K, 16% used [0x0000000081800000,0x0000000082205360,0x0000000085680000)
 Metaspace       used 29611K, capacity 31362K, committed 31744K, reserved 1077248K
  class space    used 3920K, capacity 4233K, committed 4352K, reserved 1048576K
}
Event: 4.223 GC heap before
{Heap before GC invocations=9 (full 1):
 PSYoungGen      total 136192K, used 113270K [0x00000000d5d80000, 0x00000000df700000, 0x0000000100000000)
  eden space 125952K, 81% used [0x00000000d5d80000,0x00000000dc224ff0,0x00000000dd880000)
  from space 10240K, 99% used [0x00000000dd880000,0x00000000de278b98,0x00000000de280000)
  to   space 12800K, 0% used [0x00000000dea80000,0x00000000dea80000,0x00000000df700000)
 ParOldGen       total 64000K, used 10260K [0x0000000081800000, 0x0000000085680000, 0x00000000d5d80000)
  object space 64000K, 16% used [0x0000000081800000,0x0000000082205360,0x0000000085680000)
 Metaspace       used 33596K, capacity 35388K, committed 35456K, reserved 1079296K
  class space    used 4352K, capacity 4670K, committed 4736K, reserved 1048576K
Event: 4.233 GC heap after
Heap after GC invocations=9 (full 1):
 PSYoungGen      total 138752K, used 9738K [0x00000000d5d80000, 0x00000000df700000, 0x0000000100000000)
  eden space 125952K, 0% used [0x00000000d5d80000,0x00000000d5d80000,0x00000000dd880000)
  from space 12800K, 76% used [0x00000000dea80000,0x00000000df4029a0,0x00000000df700000)
  to   space 10240K, 0% used [0x00000000dd880000,0x00000000dd880000,0x00000000de280000)
 ParOldGen       total 64000K, used 10268K [0x0000000081800000, 0x0000000085680000, 0x00000000d5d80000)
  object space 64000K, 16% used [0x0000000081800000,0x0000000082207360,0x0000000085680000)
 Metaspace       used 33596K, capacity 35388K, committed 35456K, reserved 1079296K
  class space    used 4352K, capacity 4670K, committed 4736K, reserved 1048576K
}
Event: 4.233 GC heap before
{Heap before GC invocations=10 (full 2):
 PSYoungGen      total 138752K, used 9738K [0x00000000d5d80000, 0x00000000df700000, 0x0000000100000000)
  eden space 125952K, 0% used [0x00000000d5d80000,0x00000000d5d80000,0x00000000dd880000)
  from space 12800K, 76% used [0x00000000dea80000,0x00000000df4029a0,0x00000000df700000)
  to   space 10240K, 0% used [0x00000000dd880000,0x00000000dd880000,0x00000000de280000)
 ParOldGen       total 64000K, used 10268K [0x0000000081800000, 0x0000000085680000, 0x00000000d5d80000)
  object space 64000K, 16% used [0x0000000081800000,0x0000000082207360,0x0000000085680000)
 Metaspace       used 33596K, capacity 35388K, committed 35456K, reserved 1079296K
  class space    used 4352K, capacity 4670K, committed 4736K, reserved 1048576K
Event: 4.306 GC heap after
Heap after GC invocations=10 (full 2):
 PSYoungGen      total 138752K, used 0K [0x00000000d5d80000, 0x00000000df700000, 0x0000000100000000)
  eden space 125952K, 0% used [0x00000000d5d80000,0x00000000d5d80000,0x00000000dd880000)
  from space 12800K, 0% used [0x00000000dea80000,0x00000000dea80000,0x00000000df700000)
  to   space 10240K, 0% used [0x00000000dd880000,0x00000000dd880000,0x00000000de280000)
 ParOldGen       total 64000K, used 13575K [0x0000000081800000, 0x0000000085680000, 0x00000000d5d80000)
  object space 64000K, 21% used [0x0000000081800000,0x0000000082541c38,0x0000000085680000)
 Metaspace       used 33596K, capacity 35388K, committed 35456K, reserved 1079296K
  class space    used 4352K, capacity 4670K, committed 4736K, reserved 1048576K
}
Event: 6.169 GC heap before
{Heap before GC invocations=11 (full 2):
 PSYoungGen      total 138752K, used 125952K [0x00000000d5d80000, 0x00000000df700000, 0x0000000100000000)
  eden space 125952K, 100% used [0x00000000d5d80000,0x00000000dd880000,0x00000000dd880000)
  from space 12800K, 0% used [0x00000000dea80000,0x00000000dea80000,0x00000000df700000)
  to   space 10240K, 0% used [0x00000000dd880000,0x00000000dd880000,0x00000000de280000)
 ParOldGen       total 64000K, used 13575K [0x0000000081800000, 0x0000000085680000, 0x00000000d5d80000)
  object space 64000K, 21% used [0x0000000081800000,0x0000000082541c38,0x0000000085680000)
 Metaspace       used 50948K, capacity 53392K, committed 53632K, reserved 1095680K
  class space    used 7071K, capacity 7502K, committed 7552K, reserved 1048576K
Event: 6.190 GC heap after
Heap after GC invocations=11 (full 2):
 PSYoungGen      total 136192K, used 10217K [0x00000000d5d80000, 0x00000000df700000, 0x0000000100000000)
  eden space 125952K, 0% used [0x00000000d5d80000,0x00000000d5d80000,0x00000000dd880000)
  from space 10240K, 99% used [0x00000000dd880000,0x00000000de27a770,0x00000000de280000)
  to   space 12800K, 0% used [0x00000000dea80000,0x00000000dea80000,0x00000000df700000)
 ParOldGen       total 64000K, used 21541K [0x0000000081800000, 0x0000000085680000, 0x00000000d5d80000)
  object space 64000K, 33% used [0x0000000081800000,0x0000000082d094e8,0x0000000085680000)
 Metaspace       used 50948K, capacity 53392K, committed 53632K, reserved 1095680K
  class space    used 7071K, capacity 7502K, committed 7552K, reserved 1048576K
}

Deoptimization events (10 events):
Event: 5.761 Thread 0x0000000019eaa800 Uncommon trap: reason=class_check action=maybe_recompile pc=0x00000000037d4c20 method=org.springframework.beans.factory.support.AbstractBeanFactory.isTypeMatch(Ljava/lang/String;Lorg/springframework/core/ResolvableType;Z)Z @ 53
Event: 5.787 Thread 0x0000000019eaa800 Uncommon trap: reason=class_check action=maybe_recompile pc=0x00000000037d4c20 method=org.springframework.beans.factory.support.AbstractBeanFactory.isTypeMatch(Ljava/lang/String;Lorg/springframework/core/ResolvableType;Z)Z @ 53
Event: 5.789 Thread 0x0000000019eaa800 Uncommon trap: reason=unstable_if action=reinterpret pc=0x00000000034bf150 method=org.springframework.beans.factory.support.AbstractAutowireCapableBeanFactory.determineTargetType(Ljava/lang/String;Lorg/springframework/beans/factory/support/RootBeanDefinit
Event: 5.801 Thread 0x0000000019eaa800 Uncommon trap: reason=unstable_if action=reinterpret pc=0x0000000003339738 method=org.springframework.asm.ClassReader.readUtf(II[C)Ljava/lang/String; @ 41
Event: 5.834 Thread 0x0000000019eaa800 Uncommon trap: reason=class_check action=maybe_recompile pc=0x00000000037d4c20 method=org.springframework.beans.factory.support.AbstractBeanFactory.isTypeMatch(Ljava/lang/String;Lorg/springframework/core/ResolvableType;Z)Z @ 53
Event: 5.966 Thread 0x0000000019eaa800 Uncommon trap: reason=unstable_if action=reinterpret pc=0x0000000003657e7c method=org.springframework.util.ConcurrentReferenceHashMap$Segment.restructureIfNecessary(Z)V @ 41
Event: 5.975 Thread 0x0000000019eaa800 Uncommon trap: reason=unstable_if action=reinterpret pc=0x00000000036593fc method=org.springframework.util.ConcurrentReferenceHashMap$Segment.restructureIfNecessary(Z)V @ 41
Event: 6.121 Thread 0x0000000019eaa800 Uncommon trap: reason=class_check action=maybe_recompile pc=0x00000000037d4c20 method=org.springframework.beans.factory.support.AbstractBeanFactory.isTypeMatch(Ljava/lang/String;Lorg/springframework/core/ResolvableType;Z)Z @ 53
Event: 6.149 Thread 0x0000000019eaa800 Uncommon trap: reason=class_check action=maybe_recompile pc=0x0000000003682c6c method=java.lang.reflect.Method.equals(Ljava/lang/Object;)Z @ 5
Event: 6.149 Thread 0x0000000019eaa800 Uncommon trap: reason=class_check action=maybe_recompile pc=0x0000000003682c6c method=java.lang.reflect.Method.equals(Ljava/lang/Object;)Z @ 5

Internal exceptions (10 events):
Event: 5.984 Thread 0x0000000019eaa800 Exception <a 'java/lang/ClassNotFoundException': com/instrumentation/demo/models/InstrumentCustomizer> (0x00000000dcdec998) thrown at [C:\re\workspace\8-2-build-windows-amd64-cygwin\jdk8u151\9699\hotspot\src\share\vm\classfile\systemDictionary.cpp, line 2
Event: 5.991 Thread 0x0000000019eaa800 Exception <a 'java/lang/NoSuchMethodError': java.lang.Object.lambda$of$0([Ljava/lang/Object;)Ljava/util/Iterator;> (0x00000000dce49c90) thrown at [C:\re\workspace\8-2-build-windows-amd64-cygwin\jdk8u151\9699\hotspot\src\share\vm\interpreter\linkResolver.c
Event: 6.004 Thread 0x0000000019eaa800 Exception <a 'java/lang/NoSuchMethodError': java.lang.Object.lambda$toStream$0(Ljava/util/Optional;)Ljava/util/stream/Stream;> (0x00000000dcee8c28) thrown at [C:\re\workspace\8-2-build-windows-amd64-cygwin\jdk8u151\9699\hotspot\src\share\vm\interpreter\li
Event: 6.004 Thread 0x0000000019eaa800 Exception <a 'java/lang/NoSuchMethodError': java.lang.Object.of(Ljava/lang/Object;)Ljava/util/stream/Stream;> (0x00000000dceef478) thrown at [C:\re\workspace\8-2-build-windows-amd64-cygwin\jdk8u151\9699\hotspot\src\share\vm\interpreter\linkResolver.cpp, l
Event: 6.005 Thread 0x0000000019eaa800 Exception <a 'java/lang/NoSuchMethodError': java.lang.Object.empty()Ljava/util/stream/Stream;> (0x00000000dcef22c0) thrown at [C:\re\workspace\8-2-build-windows-amd64-cygwin\jdk8u151\9699\hotspot\src\share\vm\interpreter\linkResolver.cpp, line 618]
Event: 6.009 Thread 0x0000000019eaa800 Exception <a 'java/lang/NoSuchMethodError': java.lang.Object.fromNullable(Ljava/lang/Object;)Ljava/util/stream/Stream;> (0x00000000dcf182b0) thrown at [C:\re\workspace\8-2-build-windows-amd64-cygwin\jdk8u151\9699\hotspot\src\share\vm\interpreter\linkResol
Event: 6.028 Thread 0x0000000019eaa800 Exception <a 'java/lang/NoSuchMethodError': java.lang.Object.lambda$direct$0(Lorg/springframework/data/repository/core/support/MethodLookup$InvokedMethod;Ljava/lang/reflect/Method;)Z> (0x00000000dcfd63d0) thrown at [C:\re\workspace\8-2-build-windows-amd64
Event: 6.028 Thread 0x0000000019eaa800 Exception <a 'java/lang/NoSuchMethodError': java.lang.Object.lambda$direct$1(Lorg/springframework/data/repository/core/support/MethodLookup$MethodPredicate;)Ljava/util/List;> (0x00000000dcfd9370) thrown at [C:\re\workspace\8-2-build-windows-amd64-cygwin\j
Event: 6.031 Thread 0x0000000019eaa800 Exception <a 'java/lang/NoSuchMethodError': java.lang.Object.lambda$and$0(Lorg/springframework/data/repository/core/support/MethodLookup;)Ljava/util/List;> (0x00000000dcffcad0) thrown at [C:\re\workspace\8-2-build-windows-amd64-cygwin\jdk8u151\9699\hotspo
Event: 6.038 Thread 0x0000000019eaa800 Exception <a 'java/lang/IncompatibleClassChangeError': Found class java.lang.Object, but interface was expected> (0x00000000dd082500) thrown at [C:\re\workspace\8-2-build-windows-amd64-cygwin\jdk8u151\9699\hotspot\src\share\vm\interpreter\linkResolver.cpp

Events (10 events):
Event: 6.160 loading class org/springframework/boot/convert/DurationStyle$1 done
Event: 6.160 loading class org/springframework/boot/convert/DurationStyle$2
Event: 6.160 loading class org/springframework/boot/convert/DurationStyle$2 done
Event: 6.161 loading class org/springframework/boot/convert/DurationStyle$Unit
Event: 6.161 loading class org/springframework/boot/convert/DurationStyle$Unit done
Event: 6.168 loading class org/springframework/http/HttpStatus$Series
Event: 6.168 loading class org/springframework/http/HttpStatus$Series done
Event: 6.169 Executing VM operation: ParallelGCFailedAllocation
Event: 6.190 Executing VM operation: ParallelGCFailedAllocation done
Event: 6.191 Executing VM operation: RevokeBias


Dynamic libraries:
0x00007ff6cfef0000 - 0x00007ff6cff27000 	C:\Program Files\Java\jre1.8.0_151\bin\javaw.exe
0x00007ffea7d80000 - 0x00007ffea7f2d000 	C:\Windows\SYSTEM32\ntdll.dll
0x00007ffea6010000 - 0x00007ffea614a000 	C:\Windows\system32\KERNEL32.DLL
0x00007ffe92330000 - 0x00007ffe92344000 	C:\Program Files\AVAST Software\Avast\aswhook.dll
0x00007ffea5330000 - 0x00007ffea5446000 	C:\Windows\system32\KERNELBASE.dll
0x00007ffea3ae0000 - 0x00007ffea3b6e000 	C:\Windows\system32\apphelp.dll
0x00007ffe94f40000 - 0x00007ffe94f93000 	C:\Windows\AppPatch\AppPatch64\AcGenral.DLL
0x00007ffea5eb0000 - 0x00007ffea5f57000 	C:\Windows\system32\msvcrt.dll
0x00007ffea52a0000 - 0x00007ffea52ce000 	C:\Windows\system32\SspiCli.dll
0x00007ffea58c0000 - 0x00007ffea5911000 	C:\Windows\system32\SHLWAPI.dll
0x00007ffea5d30000 - 0x00007ffea5ea7000 	C:\Windows\system32\USER32.dll
0x00007ffea79e0000 - 0x00007ffea7b74000 	C:\Windows\system32\ole32.dll
0x00007ffea64b0000 - 0x00007ffea79dc000 	C:\Windows\system32\SHELL32.dll
0x00007ffea4560000 - 0x00007ffea457e000 	C:\Windows\SYSTEM32\USERENV.dll
0x00007ffea5bb0000 - 0x00007ffea5c5a000 	C:\Windows\system32\ADVAPI32.dll
0x00007ffe911c0000 - 0x00007ffe911db000 	C:\Windows\SYSTEM32\MPR.dll
0x00007ffea6150000 - 0x00007ffea6290000 	C:\Windows\system32\RPCRT4.dll
0x00007ffea5cc0000 - 0x00007ffea5d19000 	C:\Windows\SYSTEM32\sechost.dll
0x00007ffea6290000 - 0x00007ffea64a2000 	C:\Windows\SYSTEM32\combase.dll
0x00007ffea7c30000 - 0x00007ffea7d7b000 	C:\Windows\system32\GDI32.dll
0x00007ffea4ef0000 - 0x00007ffea4f04000 	C:\Windows\SYSTEM32\profapi.dll
0x00007ffea3740000 - 0x00007ffea37f2000 	C:\Windows\SYSTEM32\SHCORE.dll
0x00007ffea5880000 - 0x00007ffea58b4000 	C:\Windows\system32\IMM32.DLL
0x00007ffea5720000 - 0x00007ffea5871000 	C:\Windows\system32\MSCTF.dll
0x00007ffea3010000 - 0x00007ffea328b000 	C:\Windows\WinSxS\amd64_microsoft.windows.common-controls_6595b64144ccf1df_6.0.9600.18006_none_623f33d3ecbe86e8\COMCTL32.dll
0x0000000076a60000 - 0x0000000076b32000 	C:\Program Files\Java\jre1.8.0_151\bin\msvcr100.dll
0x00000000761c0000 - 0x0000000076a5d000 	C:\Program Files\Java\jre1.8.0_151\bin\server\jvm.dll
0x00007ffe9d4d0000 - 0x00007ffe9d4d9000 	C:\Windows\SYSTEM32\WSOCK32.dll
0x00007ffe999a0000 - 0x00007ffe999bf000 	C:\Windows\SYSTEM32\WINMM.dll
0x00007ffe9d490000 - 0x00007ffe9d49a000 	C:\Windows\SYSTEM32\VERSION.dll
0x00007ffea5ad0000 - 0x00007ffea5ad7000 	C:\Windows\system32\PSAPI.DLL
0x00007ffea5c60000 - 0x00007ffea5cba000 	C:\Windows\system32\WS2_32.dll
0x00007ffe994d0000 - 0x00007ffe994fa000 	C:\Windows\SYSTEM32\WINMMBASE.dll
0x00007ffea5470000 - 0x00007ffea5479000 	C:\Windows\system32\NSI.dll
0x00007ffea4fc0000 - 0x00007ffea500a000 	C:\Windows\SYSTEM32\cfgmgr32.dll
0x00007ffea3c00000 - 0x00007ffea3c26000 	C:\Windows\SYSTEM32\DEVOBJ.dll
0x00000000761b0000 - 0x00000000761bf000 	C:\Program Files\Java\jre1.8.0_151\bin\verify.dll
0x0000000076180000 - 0x00000000761a9000 	C:\Program Files\Java\jre1.8.0_151\bin\java.dll
0x0000000076160000 - 0x0000000076176000 	C:\Program Files\Java\jre1.8.0_151\bin\zip.dll
0x0000000076150000 - 0x000000007615d000 	C:\Program Files\Java\jre1.8.0_151\bin\management.dll
0x0000000076130000 - 0x000000007614a000 	C:\Program Files\Java\jre1.8.0_151\bin\net.dll
0x00007ffea4810000 - 0x00007ffea4869000 	C:\Windows\system32\mswsock.dll
0x00007ffe96570000 - 0x00007ffe96584000 	C:\Windows\system32\napinsp.dll
0x00007ffe96550000 - 0x00007ffe96569000 	C:\Windows\system32\pnrpnsp.dll
0x00007ffe9f370000 - 0x00007ffe9f38b000 	C:\Windows\system32\NLAapi.dll
0x00007ffea4610000 - 0x00007ffea46b4000 	C:\Windows\SYSTEM32\DNSAPI.dll
0x00007ffe98150000 - 0x00007ffe9815c000 	C:\Windows\System32\winrnr.dll
0x00007ffe96530000 - 0x00007ffe96543000 	C:\Windows\system32\wshbth.dll
0x00007ffe982a0000 - 0x00007ffe982a9000 	C:\Windows\System32\rasadhlp.dll
0x00007ffe9e950000 - 0x00007ffe9e97a000 	C:\Windows\SYSTEM32\IPHLPAPI.DLL
0x00007ffe9e930000 - 0x00007ffe9e93a000 	C:\Windows\SYSTEM32\WINNSI.DLL
0x00007ffe9e5b0000 - 0x00007ffe9e61b000 	C:\Windows\System32\fwpuclnt.dll
0x0000000076110000 - 0x0000000076121000 	C:\Program Files\Java\jre1.8.0_151\bin\nio.dll
0x00007ffea4870000 - 0x00007ffea488e000 	C:\Windows\SYSTEM32\CRYPTSP.dll
0x00007ffea4450000 - 0x00007ffea4486000 	C:\Windows\system32\rsaenh.dll
0x00007ffea4ab0000 - 0x00007ffea4ad6000 	C:\Windows\SYSTEM32\bcrypt.dll
0x00007ffea4dc0000 - 0x00007ffea4e23000 	C:\Windows\system32\bcryptprimitives.dll
0x00007ffea4e30000 - 0x00007ffea4e3a000 	C:\Windows\SYSTEM32\CRYPTBASE.dll
0x00007ffe9e560000 - 0x00007ffe9e574000 	C:\Windows\SYSTEM32\dhcpcsvc6.DLL
0x00007ffe9e590000 - 0x00007ffe9e5a9000 	C:\Windows\SYSTEM32\dhcpcsvc.DLL

VM Arguments:
jvm_args: -Dfile.encoding=UTF-8 
java_command: com.instrumentation.demo.DemoApplication
java_class_path (initial): C:\Users\Isen\Desktop\YESS CONSULTING\demo\demo\target\classes;C:\Users\Isen\.m2\repository\org\springframework\boot\spring-boot-starter-data-jpa\2.2.2.RELEASE\spring-boot-starter-data-jpa-2.2.2.RELEASE.jar;C:\Users\Isen\.m2\repository\org\springframework\boot\spring-boot-starter-aop\2.2.2.RELEASE\spring-boot-starter-aop-2.2.2.RELEASE.jar;C:\Users\Isen\.m2\repository\org\springframework\spring-aop\5.2.2.RELEASE\spring-aop-5.2.2.RELEASE.jar;C:\Users\Isen\.m2\repository\org\aspectj\aspectjweaver\1.9.5\aspectjweaver-1.9.5.jar;C:\Users\Isen\.m2\repository\org\springframework\boot\spring-boot-starter-jdbc\2.2.2.RELEASE\spring-boot-starter-jdbc-2.2.2.RELEASE.jar;C:\Users\Isen\.m2\repository\com\zaxxer\HikariCP\3.4.1\HikariCP-3.4.1.jar;C:\Users\Isen\.m2\repository\org\springframework\spring-jdbc\5.2.2.RELEASE\spring-jdbc-5.2.2.RELEASE.jar;C:\Users\Isen\.m2\repository\jakarta\activation\jakarta.activation-api\1.2.1\jakarta.activation-api-1.2.1.jar;C:\Users\Isen\.m2\repository\jakarta\persistence\jakarta.persistence-api\2.2.3\jakarta.persistence-api-2.2.3.jar;C:\Users\Isen\.m2\repository\jakarta\transaction\jakarta.transaction-api\1.3.3\jakarta.transaction-api-1.3.3.jar;C:\Users\Isen\.m2\repository\org\hibernate\hibernate-core\5.4.9.Final\hibernate-core-5.4.9.Final.jar;C:\Users\Isen\.m2\repository\org\jboss\logging\jboss-logging\3.4.1.Final\jboss-logging-3.4.1.Final.jar;C:\Users\Isen\.m2\repository\org\javassist\javassist\3.24.0-GA\javassist-3.24.0-GA.jar;C:\Users\Isen\.m2\repository\net\bytebuddy\byte-buddy\1.10.4\byte-buddy-1.10.4.jar;C:\Users\Isen\.m2\repository\antlr\antlr\2.7.7\antlr-2.7.7.jar;C:\Users\Isen\.m2\repository\org\jboss\jandex\2.1.1.Final\jandex-2.1.1.Final.jar;C:\Users\Isen\.m2\repository\com\fasterxml\classmate\1.5.1\classmate-1.5.1.jar;C:\Users\Isen\.m2\repository\org\dom4j\dom4j\2.1.1\dom4j-2.1.1.jar;C:\Users\Isen\.m2\repository\org\hibernate\common\hibernate-commons-annotations\5.1.0.Final\hibernate-commons-annotations-5.1.0
Launcher Type: SUN_STANDARD

Environment Variables:
JAVA_HOME=C:\Program Files\Java\jdk1.8.0_151
PATH=C:/Program Files/Java/jdk1.8.0_151/bin/../jre/bin/server;C:/Program Files/Java/jdk1.8.0_151/bin/../jre/bin;C:/Program Files/Java/jdk1.8.0_151/bin/../jre/lib/amd64;C:\Program Files\Java\jdk1.8.0_151\bin;C:\Windows\system32;C:\Windows;C:\Windows\System32\Wbem;C:\Windows\System32\WindowsPowerShell\v1.0\;C:\Program Files (x86)\NVIDIA Corporation\PhysX\Common;C:\Program Files\nodejs\;C:\Program Files\Git\cmd;C:\Users\Isen\Desktop\YESS CONSULTING\apache-maven-3.6.3-bin\apache-maven-3.6.3\bin;C:\Users\Isen\AppData\Roaming\npm;C:\Users\Isen\Desktop\eclipse;
USERNAME=Isen
OS=Windows_NT
PROCESSOR_IDENTIFIER=Intel64 Family 6 Model 142 Stepping 9, GenuineIntel



---------------  S Y S T E M  ---------------

OS: Windows 8.1 , 64 bit Build 9600 (6.3.9600.17056)

CPU:total 4 (initial active 4) (2 cores per cpu, 2 threads per core) family 6 model 142 stepping 9, cmov, cx8, fxsr, mmx, sse, sse2, sse3, ssse3, sse4.1, sse4.2, popcnt, avx, avx2, aes, clmul, erms, 3dnowpref, lzcnt, ht, tsc, tscinvbit, bmi1, bmi2, adx

Memory: 4k page, physical 8286440k(1016836k free), swap 8810728k(4880k free)

vm_info: Java HotSpot(TM) 64-Bit Server VM (25.151-b12) for windows-amd64 JRE (1.8.0_151-b12), built on Sep  5 2017 19:33:46 by "java_re" with MS VC++ 10.0 (VS2010)

time: Mon Jan 20 15:35:37 2020
elapsed time: 6 seconds (0d 0h 0m 6s)

