#
# There is insufficient memory for the Java Runtime Environment to continue.
# Native memory allocation (malloc) failed to allocate 1073872 bytes for Chunk::new
# Possible reasons:
#   The system is out of physical RAM or swap space
#   In 32 bit mode, the process size limit was hit
# Possible solutions:
#   Reduce memory load on the system
#   Increase physical memory or swap space
#   Check if swap backing store is full
#   Use 64 bit Java on a 64 bit OS
#   Decrease Java heap size (-Xmx/-Xms)
#   Decrease number of Java threads
#   Decrease Java thread stack sizes (-Xss)
#   Set larger code cache with -XX:ReservedCodeCacheSize=
# This output file may be truncated or incomplete.
#
#  Out of Memory Error (allocation.cpp:390), pid=8436, tid=0x0000000000000258
#
# JRE version: Java(TM) SE Runtime Environment (8.0_151-b12) (build 1.8.0_151-b12)
# Java VM: Java HotSpot(TM) 64-Bit Server VM (25.151-b12 mixed mode windows-amd64 compressed oops)
# Failed to write core dump. Minidumps are not enabled by default on client versions of Windows
#

---------------  T H R E A D  ---------------

Current thread (0x0000000017734000):  JavaThread "C2 CompilerThread0" daemon [_thread_in_native, id=600, stack(0x0000000018d80000,0x0000000018e80000)]

Stack: [0x0000000018d80000,0x0000000018e80000]
[error occurred during error reporting (printing stack bounds), id 0xc0000005]

Native frames: (J=compiled Java code, j=interpreted, Vv=VM code, C=native code)


Current CompileTask:
C2:   8878 3339       4       org.springframework.core.annotation.TypeMappedAnnotations::get (52 bytes)


---------------  P R O C E S S  ---------------

Java Threads: ( => current thread )
  0x000000001da26800 JavaThread "DestroyJavaVM" [_thread_blocked, id=8128, stack(0x00000000029e0000,0x0000000002ae0000)]
  0x000000001daa4000 JavaThread "http-nio-8080-Acceptor" daemon [_thread_in_native, id=6904, stack(0x0000000022a80000,0x0000000022b80000)]
  0x000000001daa4800 JavaThread "http-nio-8080-ClientPoller" daemon [_thread_in_native, id=5716, stack(0x0000000022980000,0x0000000022a80000)]
  0x000000001daa3000 JavaThread "http-nio-8080-exec-10" daemon [_thread_blocked, id=7256, stack(0x0000000022880000,0x0000000022980000)]
  0x000000001daa2800 JavaThread "http-nio-8080-exec-9" daemon [_thread_blocked, id=9196, stack(0x0000000022780000,0x0000000022880000)]
  0x000000001da9e800 JavaThread "http-nio-8080-exec-8" daemon [_thread_blocked, id=9932, stack(0x0000000022680000,0x0000000022780000)]
  0x000000001daa0000 JavaThread "http-nio-8080-exec-7" daemon [_thread_blocked, id=9440, stack(0x0000000022580000,0x0000000022680000)]
  0x000000001daa1800 JavaThread "http-nio-8080-exec-6" daemon [_thread_blocked, id=6724, stack(0x0000000022480000,0x0000000022580000)]
  0x000000001da9e000 JavaThread "http-nio-8080-exec-5" daemon [_thread_blocked, id=9256, stack(0x0000000022380000,0x0000000022480000)]
  0x000000001daa1000 JavaThread "http-nio-8080-exec-4" daemon [_thread_blocked, id=9944, stack(0x0000000022180000,0x0000000022280000)]
  0x000000001da9f800 JavaThread "http-nio-8080-exec-3" daemon [_thread_blocked, id=484, stack(0x0000000022080000,0x0000000022180000)]
  0x000000001dcd9800 JavaThread "http-nio-8080-exec-2" daemon [_thread_blocked, id=10040, stack(0x0000000021f80000,0x0000000022080000)]
  0x000000001dcd8800 JavaThread "http-nio-8080-exec-1" daemon [_thread_blocked, id=5288, stack(0x0000000021bf0000,0x0000000021cf0000)]
  0x000000001dcda000 JavaThread "http-nio-8080-BlockPoller" daemon [_thread_in_native, id=3036, stack(0x0000000021af0000,0x0000000021bf0000)]
  0x000000001dcd5000 JavaThread "File Watcher" daemon [_thread_blocked, id=9052, stack(0x00000000218f0000,0x00000000219f0000)]
  0x000000001dcd8000 JavaThread "Live Reload Server" daemon [_thread_in_native, id=6512, stack(0x00000000219f0000,0x0000000021af0000)]
  0x000000001dcd4000 JavaThread "HikariPool-1 connection adder" daemon [_thread_blocked, id=7852, stack(0x0000000020ff0000,0x00000000210f0000)]
  0x000000001dcd7000 JavaThread "container-0" [_thread_blocked, id=4020, stack(0x0000000020ef0000,0x0000000020ff0000)]
  0x000000001dcd3800 JavaThread "Catalina-utility-2" [_thread_blocked, id=8356, stack(0x0000000020df0000,0x0000000020ef0000)]
  0x000000001dcd6800 JavaThread "Catalina-utility-1" [_thread_blocked, id=4880, stack(0x0000000020cf0000,0x0000000020df0000)]
  0x000000001dcd5800 JavaThread "HikariPool-1 housekeeper" daemon [_thread_blocked, id=9580, stack(0x000000001b160000,0x000000001b260000)]
  0x000000001778e800 JavaThread "Service Thread" daemon [_thread_blocked, id=8464, stack(0x0000000019480000,0x0000000019580000)]
  0x0000000017742800 JavaThread "C1 CompilerThread2" daemon [_thread_blocked, id=6088, stack(0x0000000018f80000,0x0000000019080000)]
  0x0000000017736800 JavaThread "C2 CompilerThread1" daemon [_thread_in_native, id=10060, stack(0x0000000018e80000,0x0000000018f80000)]
=>0x0000000017734000 JavaThread "C2 CompilerThread0" daemon [_thread_in_native, id=600, stack(0x0000000018d80000,0x0000000018e80000)]
  0x0000000017733000 JavaThread "Attach Listener" daemon [_thread_blocked, id=7988, stack(0x0000000018c80000,0x0000000018d80000)]
  0x0000000017732000 JavaThread "Signal Dispatcher" daemon [_thread_blocked, id=6824, stack(0x0000000018b80000,0x0000000018c80000)]
  0x000000001771a800 JavaThread "Finalizer" daemon [_thread_blocked, id=2516, stack(0x0000000018980000,0x0000000018a80000)]
  0x0000000002bd4800 JavaThread "Reference Handler" daemon [_thread_blocked, id=10144, stack(0x0000000018880000,0x0000000018980000)]

Other Threads:
  0x00000000176f7000 VMThread [stack: 0x0000000018780000,0x0000000018880000] [id=8412]
  0x00000000190d8000 WatcherThread [stack: 0x0000000019690000,0x0000000019790000] [id=7592]

VM state:not at safepoint (normal execution)

VM Mutex/Monitor currently owned by a thread: None

Heap:
 PSYoungGen      total 138240K, used 110482K [0x00000000d5d80000, 0x00000000de980000, 0x0000000100000000)
  eden space 133120K, 82% used [0x00000000d5d80000,0x00000000dc9648c0,0x00000000ddf80000)
  from space 5120K, 0% used [0x00000000ddf80000,0x00000000ddf80000,0x00000000de480000)
  to   space 5120K, 0% used [0x00000000de480000,0x00000000de480000,0x00000000de980000)
 ParOldGen       total 67072K, used 14186K [0x0000000081800000, 0x0000000085980000, 0x00000000d5d80000)
  object space 67072K, 21% used [0x0000000081800000,0x00000000825da840,0x0000000085980000)
 Metaspace       used 46006K, capacity 48231K, committed 48432K, reserved 1091584K
  class space    used 6238K, capacity 6619K, committed 6704K, reserved 1048576K

Card table byte_map: [0x0000000011fa0000,0x00000000123a0000] byte_map_base: 0x0000000011b94000

Marking Bits: (ParMarkBitMap*) 0x000000005d52d850
 Begin Bits: [0x0000000012a50000, 0x00000000149f0000)
 End Bits:   [0x00000000149f0000, 0x0000000016990000)

Polling page: 0x00000000010c0000

CodeCache: size=245760Kb used=11779Kb max_used=11806Kb free=233980Kb
 bounds [0x0000000002be0000, 0x0000000003780000, 0x0000000011be0000]
 total_blobs=3920 nmethods=3437 adapters=395
 compilation: enabled

Compilation events (10 events):
Event: 8.696 Thread 0x0000000017742800 3695       2       java.util.ResourceBundle$LoaderReference::<init> (12 bytes)
Event: 8.696 Thread 0x0000000017742800 nmethod 3695 0x0000000003766cd0 code [0x0000000003766e20, 0x0000000003766fd0]
Event: 8.696 Thread 0x0000000017742800 3696       2       org.apache.catalina.core.DefaultInstanceManager::findLifecycleCallback (126 bytes)
Event: 8.698 Thread 0x0000000017742800 nmethod 3696 0x0000000003770750 code [0x00000000037709e0, 0x00000000037713e8]
Event: 8.698 Thread 0x0000000017742800 3697       2       java.lang.invoke.MemberName::equals (69 bytes)
Event: 8.699 Thread 0x0000000017742800 nmethod 3697 0x0000000003766550 code [0x0000000003766700, 0x0000000003766af8]
Event: 8.700 Thread 0x0000000017742800 3698   !   2       org.springframework.util.ConcurrentReferenceHashMap$Segment::clear (69 bytes)
Event: 8.701 Thread 0x0000000017742800 nmethod 3698 0x000000000376ef10 code [0x000000000376f0a0, 0x000000000376f3e8]
Event: 8.701 Thread 0x0000000017742800 3699       2       java.util.concurrent.atomic.AtomicInteger::set (6 bytes)
Event: 8.701 Thread 0x0000000017742800 nmethod 3699 0x0000000003766250 code [0x00000000037663a0, 0x00000000037664f0]

GC Heap History (10 events):
Event: 1.910 GC heap before
{Heap before GC invocations=5 (full 0):
 PSYoungGen      total 138240K, used 16815K [0x00000000d5d80000, 0x00000000de980000, 0x0000000100000000)
  eden space 133120K, 8% used [0x00000000d5d80000,0x00000000d68ef558,0x00000000ddf80000)
  from space 5120K, 99% used [0x00000000de480000,0x00000000de97c930,0x00000000de980000)
  to   space 5120K, 0% used [0x00000000ddf80000,0x00000000ddf80000,0x00000000de480000)
 ParOldGen       total 87552K, used 7603K [0x0000000081800000, 0x0000000086d80000, 0x00000000d5d80000)
  object space 87552K, 8% used [0x0000000081800000,0x0000000081f6cc18,0x0000000086d80000)
 Metaspace       used 20570K, capacity 21228K, committed 21296K, reserved 1067008K
  class space    used 2670K, capacity 2819K, committed 2864K, reserved 1048576K
Event: 1.919 GC heap after
Heap after GC invocations=5 (full 0):
 PSYoungGen      total 138240K, used 5096K [0x00000000d5d80000, 0x00000000de980000, 0x0000000100000000)
  eden space 133120K, 0% used [0x00000000d5d80000,0x00000000d5d80000,0x00000000ddf80000)
  from space 5120K, 99% used [0x00000000ddf80000,0x00000000de47a1f8,0x00000000de480000)
  to   space 5120K, 0% used [0x00000000de480000,0x00000000de480000,0x00000000de980000)
 ParOldGen       total 87552K, used 7650K [0x0000000081800000, 0x0000000086d80000, 0x00000000d5d80000)
  object space 87552K, 8% used [0x0000000081800000,0x0000000081f78910,0x0000000086d80000)
 Metaspace       used 20570K, capacity 21228K, committed 21296K, reserved 1067008K
  class space    used 2670K, capacity 2819K, committed 2864K, reserved 1048576K
}
Event: 1.919 GC heap before
{Heap before GC invocations=6 (full 1):
 PSYoungGen      total 138240K, used 5096K [0x00000000d5d80000, 0x00000000de980000, 0x0000000100000000)
  eden space 133120K, 0% used [0x00000000d5d80000,0x00000000d5d80000,0x00000000ddf80000)
  from space 5120K, 99% used [0x00000000ddf80000,0x00000000de47a1f8,0x00000000de480000)
  to   space 5120K, 0% used [0x00000000de480000,0x00000000de480000,0x00000000de980000)
 ParOldGen       total 87552K, used 7650K [0x0000000081800000, 0x0000000086d80000, 0x00000000d5d80000)
  object space 87552K, 8% used [0x0000000081800000,0x0000000081f78910,0x0000000086d80000)
 Metaspace       used 20570K, capacity 21228K, committed 21296K, reserved 1067008K
  class space    used 2670K, capacity 2819K, committed 2864K, reserved 1048576K
Event: 1.951 GC heap after
Heap after GC invocations=6 (full 1):
 PSYoungGen      total 138240K, used 0K [0x00000000d5d80000, 0x00000000de980000, 0x0000000100000000)
  eden space 133120K, 0% used [0x00000000d5d80000,0x00000000d5d80000,0x00000000ddf80000)
  from space 5120K, 0% used [0x00000000ddf80000,0x00000000ddf80000,0x00000000de480000)
  to   space 5120K, 0% used [0x00000000de480000,0x00000000de480000,0x00000000de980000)
 ParOldGen       total 48128K, used 5049K [0x0000000081800000, 0x0000000084700000, 0x00000000d5d80000)
  object space 48128K, 10% used [0x0000000081800000,0x0000000081cee540,0x0000000084700000)
 Metaspace       used 20568K, capacity 21222K, committed 21296K, reserved 1067008K
  class space    used 2670K, capacity 2818K, committed 2864K, reserved 1048576K
}
Event: 5.688 GC heap before
{Heap before GC invocations=7 (full 1):
 PSYoungGen      total 138240K, used 133101K [0x00000000d5d80000, 0x00000000de980000, 0x0000000100000000)
  eden space 133120K, 99% used [0x00000000d5d80000,0x00000000ddf7b670,0x00000000ddf80000)
  from space 5120K, 0% used [0x00000000ddf80000,0x00000000ddf80000,0x00000000de480000)
  to   space 5120K, 0% used [0x00000000de480000,0x00000000de480000,0x00000000de980000)
 ParOldGen       total 48128K, used 5049K [0x0000000081800000, 0x0000000084700000, 0x00000000d5d80000)
  object space 48128K, 10% used [0x0000000081800000,0x0000000081cee540,0x0000000084700000)
 Metaspace       used 29306K, capacity 30918K, committed 31152K, reserved 1077248K
  class space    used 3858K, capacity 4155K, committed 4272K, reserved 1048576K
Event: 5.709 GC heap after
Heap after GC invocations=7 (full 1):
 PSYoungGen      total 138240K, used 5108K [0x00000000d5d80000, 0x00000000de980000, 0x0000000100000000)
  eden space 133120K, 0% used [0x00000000d5d80000,0x00000000d5d80000,0x00000000ddf80000)
  from space 5120K, 99% used [0x00000000de480000,0x00000000de97d188,0x00000000de980000)
  to   space 5120K, 0% used [0x00000000ddf80000,0x00000000ddf80000,0x00000000de480000)
 ParOldGen       total 48128K, used 12227K [0x0000000081800000, 0x0000000084700000, 0x00000000d5d80000)
  object space 48128K, 25% used [0x0000000081800000,0x00000000823f0f78,0x0000000084700000)
 Metaspace       used 29306K, capacity 30918K, committed 31152K, reserved 1077248K
  class space    used 3858K, capacity 4155K, committed 4272K, reserved 1048576K
}
Event: 6.573 GC heap before
{Heap before GC invocations=8 (full 1):
 PSYoungGen      total 138240K, used 102334K [0x00000000d5d80000, 0x00000000de980000, 0x0000000100000000)
  eden space 133120K, 73% used [0x00000000d5d80000,0x00000000dbc727c0,0x00000000ddf80000)
  from space 5120K, 99% used [0x00000000de480000,0x00000000de97d188,0x00000000de980000)
  to   space 5120K, 0% used [0x00000000ddf80000,0x00000000ddf80000,0x00000000de480000)
 ParOldGen       total 48128K, used 12227K [0x0000000081800000, 0x0000000084700000, 0x00000000d5d80000)
  object space 48128K, 25% used [0x0000000081800000,0x00000000823f0f78,0x0000000084700000)
 Metaspace       used 33747K, capacity 35393K, committed 35496K, reserved 1081344K
  class space    used 4358K, capacity 4656K, committed 4656K, reserved 1048576K
Event: 6.580 GC heap after
Heap after GC invocations=8 (full 1):
 PSYoungGen      total 138240K, used 5108K [0x00000000d5d80000, 0x00000000de980000, 0x0000000100000000)
  eden space 133120K, 0% used [0x00000000d5d80000,0x00000000d5d80000,0x00000000ddf80000)
  from space 5120K, 99% used [0x00000000ddf80000,0x00000000de47d060,0x00000000de480000)
  to   space 5120K, 0% used [0x00000000de480000,0x00000000de480000,0x00000000de980000)
 ParOldGen       total 48128K, used 16709K [0x0000000081800000, 0x0000000084700000, 0x00000000d5d80000)
  object space 48128K, 34% used [0x0000000081800000,0x00000000828516b8,0x0000000084700000)
 Metaspace       used 33747K, capacity 35393K, committed 35496K, reserved 1081344K
  class space    used 4358K, capacity 4656K, committed 4656K, reserved 1048576K
}
Event: 6.580 GC heap before
{Heap before GC invocations=9 (full 2):
 PSYoungGen      total 138240K, used 5108K [0x00000000d5d80000, 0x00000000de980000, 0x0000000100000000)
  eden space 133120K, 0% used [0x00000000d5d80000,0x00000000d5d80000,0x00000000ddf80000)
  from space 5120K, 99% used [0x00000000ddf80000,0x00000000de47d060,0x00000000de480000)
  to   space 5120K, 0% used [0x00000000de480000,0x00000000de480000,0x00000000de980000)
 ParOldGen       total 48128K, used 16709K [0x0000000081800000, 0x0000000084700000, 0x00000000d5d80000)
  object space 48128K, 34% used [0x0000000081800000,0x00000000828516b8,0x0000000084700000)
 Metaspace       used 33747K, capacity 35393K, committed 35496K, reserved 1081344K
  class space    used 4358K, capacity 4656K, committed 4656K, reserved 1048576K
Event: 6.622 GC heap after
Heap after GC invocations=9 (full 2):
 PSYoungGen      total 138240K, used 0K [0x00000000d5d80000, 0x00000000de980000, 0x0000000100000000)
  eden space 133120K, 0% used [0x00000000d5d80000,0x00000000d5d80000,0x00000000ddf80000)
  from space 5120K, 0% used [0x00000000ddf80000,0x00000000ddf80000,0x00000000de480000)
  to   space 5120K, 0% used [0x00000000de480000,0x00000000de480000,0x00000000de980000)
 ParOldGen       total 67072K, used 14186K [0x0000000081800000, 0x0000000085980000, 0x00000000d5d80000)
  object space 67072K, 21% used [0x0000000081800000,0x00000000825da840,0x0000000085980000)
 Metaspace       used 33747K, capacity 35393K, committed 35496K, reserved 1081344K
  class space    used 4358K, capacity 4656K, committed 4656K, reserved 1048576K
}

Deoptimization events (10 events):
Event: 8.055 Thread 0x0000000019e56000 Uncommon trap: reason=class_check action=maybe_recompile pc=0x00000000036734a4 method=org.springframework.beans.factory.support.AbstractBeanFactory.isTypeMatch(Ljava/lang/String;Lorg/springframework/core/ResolvableType;Z)Z @ 53
Event: 8.096 Thread 0x0000000019e56000 Uncommon trap: reason=class_check action=maybe_recompile pc=0x00000000035610ac method=java.lang.reflect.Method.equals(Ljava/lang/Object;)Z @ 5
Event: 8.097 Thread 0x0000000019e56000 Uncommon trap: reason=class_check action=maybe_recompile pc=0x00000000035610ac method=java.lang.reflect.Method.equals(Ljava/lang/Object;)Z @ 5
Event: 8.146 Thread 0x0000000019e56000 Uncommon trap: reason=unstable_if action=reinterpret pc=0x00000000035c4640 method=java.lang.Class.getEnclosingMethodInfo()Ljava/lang/Class$EnclosingMethodInfo; @ 6
Event: 8.262 Thread 0x0000000019e56000 Uncommon trap: reason=unstable_if action=reinterpret pc=0x00000000034d06a4 method=java.util.concurrent.ConcurrentHashMap.putVal(Ljava/lang/Object;Ljava/lang/Object;Z)Ljava/lang/Object; @ 331
Event: 8.263 Thread 0x0000000019e56000 Uncommon trap: reason=unstable_if action=reinterpret pc=0x000000000360fad0 method=java.util.concurrent.ConcurrentHashMap.get(Ljava/lang/Object;)Ljava/lang/Object; @ 86
Event: 8.435 Thread 0x0000000019e56000 Uncommon trap: reason=unstable_if action=reinterpret pc=0x00000000036ee664 method=org.springframework.core.annotation.TypeMappedAnnotations$IsPresent.doWithAnnotations(Ljava/lang/Object;ILjava/lang/Object;[Ljava/lang/annotation/Annotation;)Ljava/lang/Bool
Event: 8.453 Thread 0x0000000019e56000 Uncommon trap: reason=unstable_if action=reinterpret pc=0x0000000003631fa8 method=org.springframework.core.annotation.AnnotationsScanner.isWithoutHierarchy(Ljava/lang/reflect/AnnotatedElement;Lorg/springframework/core/annotation/MergedAnnotations$SearchSt
Event: 8.544 Thread 0x0000000019e56000 Uncommon trap: reason=unstable_if action=reinterpret pc=0x0000000003007ec0 method=java.util.concurrent.ConcurrentHashMap.transfer([Ljava/util/concurrent/ConcurrentHashMap$Node;[Ljava/util/concurrent/ConcurrentHashMap$Node;)V @ 356
Event: 8.608 Thread 0x0000000019e56000 Uncommon trap: reason=unstable_if action=reinterpret pc=0x0000000003470e18 method=org.springframework.util.ConcurrentReferenceHashMap$Segment.clear()V @ 7

Internal exceptions (10 events):
Event: 8.128 Thread 0x0000000019e56000 Exception <a 'java/lang/ClassNotFoundException': org/springframework/web/servlet/config/annotation/WebMvcConfigurationSupportCustomizer> (0x00000000da3bd020) thrown at [C:\re\workspace\8-2-build-windows-amd64-cygwin\jdk8u151\9699\hotspot\src\share\vm\clas
Event: 8.129 Thread 0x0000000019e56000 Exception <a 'java/lang/ClassNotFoundException': org/springframework/web/servlet/config/annotation/DelegatingWebMvcConfigurationCustomizer> (0x00000000da3ece18) thrown at [C:\re\workspace\8-2-build-windows-amd64-cygwin\jdk8u151\9699\hotspot\src\share\vm\c
Event: 8.130 Thread 0x0000000019e56000 Exception <a 'java/lang/ClassNotFoundException': org/springframework/boot/autoconfigure/web/servlet/WebMvcAutoConfiguration$EnableWebMvcConfigurationCustomizer> (0x00000000da411a60) thrown at [C:\re\workspace\8-2-build-windows-amd64-cygwin\jdk8u151\9699\h
Event: 8.131 Thread 0x0000000019e56000 Exception <a 'java/lang/ClassNotFoundException': org/springframework/context/ResourceLoaderAwareCustomizer> (0x00000000da436558) thrown at [C:\re\workspace\8-2-build-windows-amd64-cygwin\jdk8u151\9699\hotspot\src\share\vm\classfile\systemDictionary.cpp, l
Event: 8.131 Thread 0x0000000019e56000 Exception <a 'java/lang/ClassNotFoundException': org/springframework/beans/factory/AwareCustomizer> (0x00000000da448fa0) thrown at [C:\re\workspace\8-2-build-windows-amd64-cygwin\jdk8u151\9699\hotspot\src\share\vm\classfile\systemDictionary.cpp, line 210]
Event: 8.131 Thread 0x0000000019e56000 Exception <a 'java/lang/ClassNotFoundException': org/springframework/context/ApplicationContextAwareCustomizer> (0x00000000da45d788) thrown at [C:\re\workspace\8-2-build-windows-amd64-cygwin\jdk8u151\9699\hotspot\src\share\vm\classfile\systemDictionary.cp
Event: 8.132 Thread 0x0000000019e56000 Exception <a 'java/lang/ClassNotFoundException': org/springframework/beans/factory/AwareCustomizer> (0x00000000da4707d8) thrown at [C:\re\workspace\8-2-build-windows-amd64-cygwin\jdk8u151\9699\hotspot\src\share\vm\classfile\systemDictionary.cpp, line 210]
Event: 8.132 Thread 0x0000000019e56000 Exception <a 'java/lang/ClassNotFoundException': org/springframework/web/context/ServletContextAwareCustomizer> (0x00000000da484f50) thrown at [C:\re\workspace\8-2-build-windows-amd64-cygwin\jdk8u151\9699\hotspot\src\share\vm\classfile\systemDictionary.cp
Event: 8.132 Thread 0x0000000019e56000 Exception <a 'java/lang/ClassNotFoundException': org/springframework/beans/factory/AwareCustomizer> (0x00000000da497a10) thrown at [C:\re\workspace\8-2-build-windows-amd64-cygwin\jdk8u151\9699\hotspot\src\share\vm\classfile\systemDictionary.cpp, line 210]
Event: 8.474 Thread 0x0000000019e56000 Exception <a 'java/lang/IncompatibleClassChangeError': Found class java.lang.Object, but interface was expected> (0x00000000db86c9c0) thrown at [C:\re\workspace\8-2-build-windows-amd64-cygwin\jdk8u151\9699\hotspot\src\share\vm\interpreter\linkResolver.cpp

Events (10 events):
Event: 8.719 loading class java/beans/WeakIdentityMap$Entry done
Event: 8.719 loading class org/springframework/boot/devtools/restart/Restarter
Event: 8.719 loading class org/springframework/boot/devtools/restart/Restarter done
Event: 8.719 loading class org/springframework/boot/system/JavaVersion
Event: 8.719 loading class org/springframework/boot/system/JavaVersion done
Event: 8.720 loading class java/util/WeakHashMap$KeyIterator
Event: 8.720 loading class java/util/WeakHashMap$KeyIterator done
Event: 8.720 Thread 0x0000000019dfe000 Thread exited: 0x0000000019dfe000
Event: 8.720 Thread 0x0000000002ae3800 Thread exited: 0x0000000002ae3800
Event: 8.721 Thread 0x000000001da26800 Thread added: 0x000000001da26800


Dynamic libraries:
0x00007ff6b6ac0000 - 0x00007ff6b6af7000 	C:\Program Files\Java\jre1.8.0_151\bin\javaw.exe
0x00007ffae65e0000 - 0x00007ffae678d000 	C:\Windows\SYSTEM32\ntdll.dll
0x00007ffae6240000 - 0x00007ffae637a000 	C:\Windows\system32\KERNEL32.DLL
0x00007ffac8020000 - 0x00007ffac8034000 	C:\Program Files\AVAST Software\Avast\aswhook.dll
0x00007ffae3b40000 - 0x00007ffae3c56000 	C:\Windows\system32\KERNELBASE.dll
0x00007ffae2340000 - 0x00007ffae23ce000 	C:\Windows\system32\apphelp.dll
0x00007ffad5630000 - 0x00007ffad5683000 	C:\Windows\AppPatch\AppPatch64\AcGenral.DLL
0x00007ffae4270000 - 0x00007ffae4317000 	C:\Windows\system32\msvcrt.dll
0x00007ffae3820000 - 0x00007ffae384e000 	C:\Windows\system32\SspiCli.dll
0x00007ffae5cc0000 - 0x00007ffae5d11000 	C:\Windows\system32\SHLWAPI.dll
0x00007ffae6460000 - 0x00007ffae65d7000 	C:\Windows\system32\USER32.dll
0x00007ffae3cb0000 - 0x00007ffae3e44000 	C:\Windows\system32\ole32.dll
0x00007ffae46e0000 - 0x00007ffae5c0c000 	C:\Windows\system32\SHELL32.dll
0x00007ffae2dc0000 - 0x00007ffae2dde000 	C:\Windows\SYSTEM32\USERENV.dll
0x00007ffae63b0000 - 0x00007ffae645a000 	C:\Windows\system32\ADVAPI32.dll
0x00007ffad3740000 - 0x00007ffad375b000 	C:\Windows\SYSTEM32\MPR.dll
0x00007ffae45a0000 - 0x00007ffae46e0000 	C:\Windows\system32\RPCRT4.dll
0x00007ffae5d80000 - 0x00007ffae5dd9000 	C:\Windows\SYSTEM32\sechost.dll
0x00007ffae3e50000 - 0x00007ffae4062000 	C:\Windows\SYSTEM32\combase.dll
0x00007ffae40b0000 - 0x00007ffae41fb000 	C:\Windows\system32\GDI32.dll
0x00007ffae3750000 - 0x00007ffae3764000 	C:\Windows\SYSTEM32\profapi.dll
0x00007ffae1d70000 - 0x00007ffae1e22000 	C:\Windows\SYSTEM32\SHCORE.dll
0x00007ffae4070000 - 0x00007ffae40a4000 	C:\Windows\system32\IMM32.DLL
0x00007ffae60d0000 - 0x00007ffae6221000 	C:\Windows\system32\MSCTF.dll
0x00007ffae1920000 - 0x00007ffae1b9b000 	C:\Windows\WinSxS\amd64_microsoft.windows.common-controls_6595b64144ccf1df_6.0.9600.18006_none_623f33d3ecbe86e8\COMCTL32.dll
0x000000005d5b0000 - 0x000000005d682000 	C:\Program Files\Java\jre1.8.0_151\bin\msvcr100.dll
0x000000005cd10000 - 0x000000005d5ad000 	C:\Program Files\Java\jre1.8.0_151\bin\server\jvm.dll
0x00007ffadbbe0000 - 0x00007ffadbbe9000 	C:\Windows\SYSTEM32\WSOCK32.dll
0x00007ffad9d90000 - 0x00007ffad9daf000 	C:\Windows\SYSTEM32\WINMM.dll
0x00007ffadbbf0000 - 0x00007ffadbbfa000 	C:\Windows\SYSTEM32\VERSION.dll
0x00007ffae5e40000 - 0x00007ffae5e47000 	C:\Windows\system32\PSAPI.DLL
0x00007ffae5d20000 - 0x00007ffae5d7a000 	C:\Windows\system32\WS2_32.dll
0x00007ffad9d50000 - 0x00007ffad9d7a000 	C:\Windows\SYSTEM32\WINMMBASE.dll
0x00007ffae6230000 - 0x00007ffae6239000 	C:\Windows\system32\NSI.dll
0x00007ffae3c60000 - 0x00007ffae3caa000 	C:\Windows\SYSTEM32\cfgmgr32.dll
0x00007ffae2590000 - 0x00007ffae25b6000 	C:\Windows\SYSTEM32\DEVOBJ.dll
0x000000005e110000 - 0x000000005e11f000 	C:\Program Files\Java\jre1.8.0_151\bin\verify.dll
0x000000005cce0000 - 0x000000005cd09000 	C:\Program Files\Java\jre1.8.0_151\bin\java.dll
0x000000005e0f0000 - 0x000000005e106000 	C:\Program Files\Java\jre1.8.0_151\bin\zip.dll
0x000000005cc60000 - 0x000000005cc6d000 	C:\Program Files\Java\jre1.8.0_151\bin\management.dll
0x000000005ccc0000 - 0x000000005ccda000 	C:\Program Files\Java\jre1.8.0_151\bin\net.dll
0x00007ffae3070000 - 0x00007ffae30c9000 	C:\Windows\system32\mswsock.dll
0x00007ffad55e0000 - 0x00007ffad55f4000 	C:\Windows\system32\napinsp.dll
0x00007ffad55c0000 - 0x00007ffad55d9000 	C:\Windows\system32\pnrpnsp.dll
0x00007ffadd6c0000 - 0x00007ffadd6db000 	C:\Windows\system32\NLAapi.dll
0x00007ffae2e70000 - 0x00007ffae2f14000 	C:\Windows\SYSTEM32\DNSAPI.dll
0x00007ffad55b0000 - 0x00007ffad55bc000 	C:\Windows\System32\winrnr.dll
0x00007ffad5590000 - 0x00007ffad55a3000 	C:\Windows\system32\wshbth.dll
0x00007ffad4920000 - 0x00007ffad4929000 	C:\Windows\System32\rasadhlp.dll
0x00007ffadd180000 - 0x00007ffadd1aa000 	C:\Windows\SYSTEM32\IPHLPAPI.DLL
0x00007ffadd170000 - 0x00007ffadd17a000 	C:\Windows\SYSTEM32\WINNSI.DLL
0x00007ffadcce0000 - 0x00007ffadcd4b000 	C:\Windows\System32\fwpuclnt.dll
0x000000005cca0000 - 0x000000005ccb1000 	C:\Program Files\Java\jre1.8.0_151\bin\nio.dll
0x00007ffae30d0000 - 0x00007ffae30ee000 	C:\Windows\SYSTEM32\CRYPTSP.dll
0x00007ffae2cb0000 - 0x00007ffae2ce6000 	C:\Windows\system32\rsaenh.dll
0x00007ffae3310000 - 0x00007ffae3336000 	C:\Windows\SYSTEM32\bcrypt.dll
0x00007ffae3620000 - 0x00007ffae3683000 	C:\Windows\system32\bcryptprimitives.dll
0x00007ffae3690000 - 0x00007ffae369a000 	C:\Windows\SYSTEM32\CRYPTBASE.dll
0x00007ffadccb0000 - 0x00007ffadccc4000 	C:\Windows\SYSTEM32\dhcpcsvc6.DLL
0x00007ffadced0000 - 0x00007ffadcee9000 	C:\Windows\SYSTEM32\dhcpcsvc.DLL

VM Arguments:
jvm_args: -Dfile.encoding=UTF-8 
java_command: com.instrumentation.demo.DemoApplication
java_class_path (initial): C:\Users\Isen\Desktop\YESS CONSULTING\demo\demo\target\classes;C:\Users\Isen\.m2\repository\org\springframework\boot\spring-boot-starter-data-jpa\2.2.2.RELEASE\spring-boot-starter-data-jpa-2.2.2.RELEASE.jar;C:\Users\Isen\.m2\repository\org\springframework\boot\spring-boot-starter-aop\2.2.2.RELEASE\spring-boot-starter-aop-2.2.2.RELEASE.jar;C:\Users\Isen\.m2\repository\org\springframework\spring-aop\5.2.2.RELEASE\spring-aop-5.2.2.RELEASE.jar;C:\Users\Isen\.m2\repository\org\aspectj\aspectjweaver\1.9.5\aspectjweaver-1.9.5.jar;C:\Users\Isen\.m2\repository\org\springframework\boot\spring-boot-starter-jdbc\2.2.2.RELEASE\spring-boot-starter-jdbc-2.2.2.RELEASE.jar;C:\Users\Isen\.m2\repository\com\zaxxer\HikariCP\3.4.1\HikariCP-3.4.1.jar;C:\Users\Isen\.m2\repository\org\springframework\spring-jdbc\5.2.2.RELEASE\spring-jdbc-5.2.2.RELEASE.jar;C:\Users\Isen\.m2\repository\jakarta\activation\jakarta.activation-api\1.2.1\jakarta.activation-api-1.2.1.jar;C:\Users\Isen\.m2\repository\jakarta\persistence\jakarta.persistence-api\2.2.3\jakarta.persistence-api-2.2.3.jar;C:\Users\Isen\.m2\repository\jakarta\transaction\jakarta.transaction-api\1.3.3\jakarta.transaction-api-1.3.3.jar;C:\Users\Isen\.m2\repository\org\hibernate\hibernate-core\5.4.9.Final\hibernate-core-5.4.9.Final.jar;C:\Users\Isen\.m2\repository\org\jboss\logging\jboss-logging\3.4.1.Final\jboss-logging-3.4.1.Final.jar;C:\Users\Isen\.m2\repository\org\javassist\javassist\3.24.0-GA\javassist-3.24.0-GA.jar;C:\Users\Isen\.m2\repository\net\bytebuddy\byte-buddy\1.10.4\byte-buddy-1.10.4.jar;C:\Users\Isen\.m2\repository\antlr\antlr\2.7.7\antlr-2.7.7.jar;C:\Users\Isen\.m2\repository\org\jboss\jandex\2.1.1.Final\jandex-2.1.1.Final.jar;C:\Users\Isen\.m2\repository\com\fasterxml\classmate\1.5.1\classmate-1.5.1.jar;C:\Users\Isen\.m2\repository\org\dom4j\dom4j\2.1.1\dom4j-2.1.1.jar;C:\Users\Isen\.m2\repository\org\hibernate\common\hibernate-commons-annotations\5.1.0.Final\hibernate-commons-annotations-5.1.0
Launcher Type: SUN_STANDARD

Environment Variables:
JAVA_HOME=C:\Program Files\Java\jdk1.8.0_151
PATH=C:/Program Files/Java/jdk1.8.0_151/bin/../jre/bin/server;C:/Program Files/Java/jdk1.8.0_151/bin/../jre/bin;C:/Program Files/Java/jdk1.8.0_151/bin/../jre/lib/amd64;C:\Program Files\Java\jdk1.8.0_151\bin;C:\Windows\system32;C:\Windows;C:\Windows\System32\Wbem;C:\Windows\System32\WindowsPowerShell\v1.0\;C:\Program Files (x86)\NVIDIA Corporation\PhysX\Common;C:\Program Files\nodejs\;C:\Program Files\Git\cmd;C:\Users\Isen\Desktop\YESS CONSULTING\apache-maven-3.6.3-bin\apache-maven-3.6.3\bin;C:\Users\Isen\AppData\Roaming\npm;C:\Users\Isen\Desktop\eclipse;
USERNAME=Isen
OS=Windows_NT
PROCESSOR_IDENTIFIER=Intel64 Family 6 Model 142 Stepping 9, GenuineIntel



---------------  S Y S T E M  ---------------

OS: Windows 8.1 , 64 bit Build 9600 (6.3.9600.17056)

CPU:total 4 (initial active 4) (2 cores per cpu, 2 threads per core) family 6 model 142 stepping 9, cmov, cx8, fxsr, mmx, sse, sse2, sse3, ssse3, sse4.1, sse4.2, popcnt, avx, avx2, aes, clmul, erms, 3dnowpref, lzcnt, ht, tsc, tscinvbit, bmi1, bmi2, adx

Memory: 4k page, physical 8286440k(1213900k free), swap 8810728k(7052k free)

vm_info: Java HotSpot(TM) 64-Bit Server VM (25.151-b12) for windows-amd64 JRE (1.8.0_151-b12), built on Sep  5 2017 19:33:46 by "java_re" with MS VC++ 10.0 (VS2010)

time: Fri Jan 03 15:52:04 2020
elapsed time: 8 seconds (0d 0h 0m 8s)

